<?xml version="1.0" encoding="UTF-8"?>
<testsuite name="ohtuesimerkki.StatisticsTest" tests="4" skipped="0" failures="0" errors="0" timestamp="2017-03-26T13:07:07" hostname="tuomo-IdeaPad-U330p" time="0.006">
  <properties/>
  <testcase name="howManyWorks" classname="ohtuesimerkki.StatisticsTest" time="0.004"/>
  <testcase name="searchWorks" classname="ohtuesimerkki.StatisticsTest" time="0.001"/>
  <testcase name="teamWorks" classname="ohtuesimerkki.StatisticsTest" time="0.0"/>
  <testcase name="searchWorksIfDoesntContain" classname="ohtuesimerkki.StatisticsTest" time="0.0"/>
  <system-out><![CDATA[]]></system-out>
  <system-err><![CDATA[]]></system-err>
</testsuite>
